[2014-08-16 20:55:11.956 Control 11030] Start
[2014-08-16 20:55:34.289 Control 11030] Accepting connection...
[2014-08-16 20:55:34.290 Control 11030] NEW CLIENT 11257 from user 1131: Server is not ready, push client to pending list
[2014-08-16 20:55:34.290 Control 11030] Starting new server 11259 for user 1131
[2014-08-16 20:55:34.290 Control 11030] Accepting connection...
[2014-08-16 20:55:34.290 Control 11030] NEW CLIENT 11258 from user 1131: Server is not ready, push client to pending list
[2014-08-16 20:55:34.290 Control 11030] Accepting connection...
[2014-08-16 20:55:34.290 Control 11030] NEW CLIENT 11256 from user 1131: Server is not ready, push client to pending list
[2014-08-16 20:55:35.082 Control 11030] Accepting connection...
[2014-08-16 20:55:35.082 Control 11030] NEW SERVER 11259: Ready
[2014-08-16 21:05:00.249 Control 11030] Accepting connection...
[2014-08-16 21:05:00.250 Control 11030] NEW CLIENT 16843 from user 1131: Server already exists
[2014-08-16 21:05:00.349 Control 11030] Accepting connection...
[2014-08-16 21:05:00.349 Control 11030] NEW CLIENT 16844 from user 1131: Server already exists
[2014-08-16 21:05:00.349 Control 11030] Accepting connection...
[2014-08-16 21:05:00.349 Control 11030] NEW CLIENT 16845 from user 1131: Server already exists
[2014-08-16 23:27:47.260 Control 31298] Start
[2014-08-16 23:27:47.260 Control 31298] Removed Shm file at /dev/shm/cuda.shm.2bfb.cb
[2014-08-16 23:27:47.260 Control 31298] Removed Shm file at /dev/shm/cuda.shm.2bfb.ca
[2014-08-16 23:27:47.260 Control 31298] Removed Shm file at /dev/shm/cuda.shm.2bfb.c9
[2014-08-16 23:27:47.261 Control 31298] Removed Shm file at /dev/shm/cuda.shm.2bfb.c8
[2014-08-16 23:27:47.261 Control 31298] Removed Shm file at /dev/shm/cuda.shm.2bfb.c7
[2014-08-16 23:27:47.261 Control 31298] Removed Shm file at /dev/shm/cuda.shm.2bfb.c6
[2014-08-16 23:27:47.261 Control 31298] Removed Shm file at /dev/shm/cuda.shm.2bfb.c5
[2014-08-16 23:27:47.261 Control 31298] Removed Shm file at /dev/shm/cuda.shm.2bfb.c4
[2014-08-16 23:27:47.261 Control 31298] Removed Shm file at /dev/shm/cuda.shm.2bfb.c3
[2014-08-16 23:27:47.261 Control 31298] Removed Shm file at /dev/shm/cuda.shm.2bfb.c2
[2014-08-16 23:27:47.261 Control 31298] Removed Shm file at /dev/shm/cuda.shm.2bfb.c1
[2014-08-16 23:27:47.261 Control 31298] Removed Shm file at /dev/shm/cuda.shm.2bfb.c0
[2014-08-16 23:27:47.261 Control 31298] Removed Shm file at /dev/shm/cuda.shm.2bfb.bf
[2014-08-16 23:27:47.261 Control 31298] Removed Shm file at /dev/shm/cuda.shm.2bfb.be
[2014-08-16 23:27:47.261 Control 31298] Removed Shm file at /dev/shm/cuda.shm.2bfb.bd
[2014-08-16 23:27:47.261 Control 31298] Removed Shm file at /dev/shm/cuda.shm.2bfb.bc
[2014-08-16 23:27:47.261 Control 31298] Removed Shm file at /dev/shm/cuda.shm.2bfb.bb
[2014-08-16 23:27:47.261 Control 31298] Removed Shm file at /dev/shm/cuda.shm.2bfb.ba
[2014-08-16 23:27:47.261 Control 31298] Removed Shm file at /dev/shm/cuda.shm.2bfb.b9
[2014-08-16 23:27:47.261 Control 31298] Removed Shm file at /dev/shm/cuda.shm.2bfb.b8
[2014-08-16 23:27:47.261 Control 31298] Removed Shm file at /dev/shm/cuda.shm.2bfb.b7
[2014-08-16 23:27:47.261 Control 31298] Removed Shm file at /dev/shm/cuda.shm.2bfb.b6
[2014-08-16 23:27:47.261 Control 31298] Removed Shm file at /dev/shm/cuda.shm.2bfb.b5
[2014-08-16 23:27:47.261 Control 31298] Removed Shm file at /dev/shm/cuda.shm.2bfb.b4
[2014-08-16 23:27:47.261 Control 31298] Removed Shm file at /dev/shm/cuda.shm.2bfb.b3
[2014-08-16 23:27:47.261 Control 31298] Removed Shm file at /dev/shm/cuda.shm.2bfb.b2
[2014-08-16 23:27:47.261 Control 31298] Removed Shm file at /dev/shm/cuda.shm.2bfb.b1
[2014-08-16 23:27:47.261 Control 31298] Removed Shm file at /dev/shm/cuda.shm.2bfb.b0
[2014-08-16 23:27:47.261 Control 31298] Removed Shm file at /dev/shm/cuda.shm.2bfb.af
[2014-08-16 23:27:47.261 Control 31298] Removed Shm file at /dev/shm/cuda.shm.2bfb.ae
[2014-08-16 23:27:47.261 Control 31298] Removed Shm file at /dev/shm/cuda.shm.2bfb.ad
[2014-08-16 23:27:47.261 Control 31298] Removed Shm file at /dev/shm/cuda.shm.2bfb.ac
[2014-08-16 23:27:47.261 Control 31298] Removed Shm file at /dev/shm/cuda.shm.2bfb.ab
[2014-08-16 23:27:47.261 Control 31298] Removed Shm file at /dev/shm/cuda.shm.2bfb.aa
[2014-08-16 23:27:47.261 Control 31298] Removed Shm file at /dev/shm/cuda.shm.2bfb.a9
[2014-08-16 23:27:47.261 Control 31298] Removed Shm file at /dev/shm/cuda.shm.2bfb.a8
[2014-08-16 23:27:47.261 Control 31298] Removed Shm file at /dev/shm/cuda.shm.2bfb.a7
[2014-08-16 23:27:47.261 Control 31298] Removed Shm file at /dev/shm/cuda.shm.2bfb.a6
[2014-08-16 23:27:47.261 Control 31298] Removed Shm file at /dev/shm/cuda.shm.2bfb.a5
[2014-08-16 23:27:47.261 Control 31298] Removed Shm file at /dev/shm/cuda.shm.2bfb.a4
[2014-08-16 23:27:47.261 Control 31298] Removed Shm file at /dev/shm/cuda.shm.2bfb.a3
[2014-08-16 23:27:47.261 Control 31298] Removed Shm file at /dev/shm/cuda.shm.2bfb.a2
[2014-08-16 23:27:47.261 Control 31298] Removed Shm file at /dev/shm/cuda.shm.2bfb.a1
[2014-08-16 23:27:47.261 Control 31298] Removed Shm file at /dev/shm/cuda.shm.2bfb.a0
[2014-08-16 23:27:47.261 Control 31298] Removed Shm file at /dev/shm/cuda.shm.2bfb.9f
[2014-08-16 23:27:47.261 Control 31298] Removed Shm file at /dev/shm/cuda.shm.2bfb.9e
[2014-08-16 23:27:47.261 Control 31298] Removed Shm file at /dev/shm/cuda.shm.2bfb.9d
[2014-08-16 23:27:47.261 Control 31298] Removed Shm file at /dev/shm/cuda.shm.2bfb.9c
[2014-08-16 23:27:47.261 Control 31298] Removed Shm file at /dev/shm/cuda.shm.2bfb.9b
[2014-08-16 23:27:47.261 Control 31298] Removed Shm file at /dev/shm/cuda.shm.2bfb.9a
[2014-08-16 23:27:47.261 Control 31298] Removed Shm file at /dev/shm/cuda.shm.2bfb.99
[2014-08-16 23:27:47.261 Control 31298] Removed Shm file at /dev/shm/cuda.shm.2bfb.98
[2014-08-16 23:27:47.261 Control 31298] Removed Shm file at /dev/shm/cuda.shm.2bfb.97
[2014-08-16 23:27:47.261 Control 31298] Removed Shm file at /dev/shm/cuda.shm.2bfb.96
[2014-08-16 23:27:47.261 Control 31298] Removed Shm file at /dev/shm/cuda.shm.2bfb.95
[2014-08-16 23:27:47.261 Control 31298] Removed Shm file at /dev/shm/cuda.shm.2bfb.94
[2014-08-16 23:27:47.261 Control 31298] Removed Shm file at /dev/shm/cuda.shm.2bfb.93
[2014-08-16 23:27:47.261 Control 31298] Removed Shm file at /dev/shm/cuda.shm.2bfb.92
[2014-08-16 23:27:47.261 Control 31298] Removed Shm file at /dev/shm/cuda.shm.2bfb.91
[2014-08-16 23:27:47.261 Control 31298] Removed Shm file at /dev/shm/cuda.shm.2bfb.90
[2014-08-16 23:27:47.261 Control 31298] Removed Shm file at /dev/shm/cuda.shm.2bfb.8f
[2014-08-16 23:27:47.261 Control 31298] Removed Shm file at /dev/shm/cuda.shm.2bfb.8e
[2014-08-16 23:27:47.261 Control 31298] Removed Shm file at /dev/shm/cuda.shm.2bfb.8d
[2014-08-16 23:27:47.261 Control 31298] Removed Shm file at /dev/shm/cuda.shm.2bfb.8c
[2014-08-16 23:27:47.261 Control 31298] Removed Shm file at /dev/shm/cuda.shm.2bfb.8b
[2014-08-16 23:27:47.261 Control 31298] Removed Shm file at /dev/shm/cuda.shm.2bfb.8a
[2014-08-16 23:27:47.261 Control 31298] Removed Shm file at /dev/shm/cuda.shm.2bfb.89
[2014-08-16 23:27:47.261 Control 31298] Removed Shm file at /dev/shm/cuda.shm.2bfb.88
[2014-08-16 23:27:47.261 Control 31298] Removed Shm file at /dev/shm/cuda.shm.2bfb.87
[2014-08-16 23:27:47.261 Control 31298] Removed Shm file at /dev/shm/cuda.shm.2bfb.86
[2014-08-16 23:27:47.261 Control 31298] Removed Shm file at /dev/shm/cuda.shm.2bfb.85
[2014-08-16 23:27:47.261 Control 31298] Removed Shm file at /dev/shm/cuda.shm.2bfb.84
[2014-08-16 23:27:47.261 Control 31298] Removed Shm file at /dev/shm/cuda.shm.2bfb.83
[2014-08-16 23:27:47.261 Control 31298] Removed Shm file at /dev/shm/cuda.shm.2bfb.82
[2014-08-16 23:27:47.261 Control 31298] Removed Shm file at /dev/shm/cuda.shm.2bfb.81
[2014-08-16 23:27:47.261 Control 31298] Removed Shm file at /dev/shm/cuda.shm.2bfb.80
[2014-08-16 23:27:47.261 Control 31298] Removed Shm file at /dev/shm/cuda.shm.2bfb.7f
[2014-08-16 23:27:47.261 Control 31298] Removed Shm file at /dev/shm/cuda.shm.2bfb.7e
[2014-08-16 23:27:47.261 Control 31298] Removed Shm file at /dev/shm/cuda.shm.2bfb.7d
[2014-08-16 23:27:47.261 Control 31298] Removed Shm file at /dev/shm/cuda.shm.2bfb.7c
[2014-08-16 23:27:47.261 Control 31298] Removed Shm file at /dev/shm/cuda.shm.2bfb.7b
[2014-08-16 23:27:47.261 Control 31298] Removed Shm file at /dev/shm/cuda.shm.2bfb.7a
[2014-08-16 23:27:47.261 Control 31298] Removed Shm file at /dev/shm/cuda.shm.2bfb.79
[2014-08-16 23:27:47.261 Control 31298] Removed Shm file at /dev/shm/cuda.shm.2bfb.78
[2014-08-16 23:27:47.261 Control 31298] Removed Shm file at /dev/shm/cuda.shm.2bfb.77
[2014-08-16 23:27:47.261 Control 31298] Removed Shm file at /dev/shm/cuda.shm.2bfb.76
[2014-08-16 23:27:47.261 Control 31298] Removed Shm file at /dev/shm/cuda.shm.2bfb.75
[2014-08-16 23:27:47.262 Control 31298] Removed Shm file at /dev/shm/cuda.shm.2bfb.74
[2014-08-16 23:27:47.262 Control 31298] Removed Shm file at /dev/shm/cuda.shm.2bfb.73
[2014-08-16 23:27:47.262 Control 31298] Removed Shm file at /dev/shm/cuda.shm.2bfb.72
[2014-08-16 23:27:47.262 Control 31298] Removed Shm file at /dev/shm/cuda.shm.2bfb.71
[2014-08-16 23:27:47.262 Control 31298] Removed Shm file at /dev/shm/cuda.shm.2bfb.70
[2014-08-16 23:27:47.262 Control 31298] Removed Shm file at /dev/shm/cuda.shm.2bfb.6f
[2014-08-16 23:27:47.262 Control 31298] Removed Shm file at /dev/shm/cuda.shm.2bfb.6e
[2014-08-16 23:27:47.262 Control 31298] Removed Shm file at /dev/shm/cuda.shm.2bfb.6d
[2014-08-16 23:27:47.262 Control 31298] Removed Shm file at /dev/shm/cuda.shm.2bfb.6c
[2014-08-16 23:27:47.262 Control 31298] Removed Shm file at /dev/shm/cuda.shm.2bfb.6b
[2014-08-16 23:27:47.262 Control 31298] Removed Shm file at /dev/shm/cuda.shm.2bfb.6a
[2014-08-16 23:27:47.262 Control 31298] Removed Shm file at /dev/shm/cuda.shm.2bfb.69
[2014-08-16 23:27:47.262 Control 31298] Removed Shm file at /dev/shm/cuda.shm.2bfb.68
[2014-08-16 23:27:47.262 Control 31298] Removed Shm file at /dev/shm/cuda.shm.2bfb.67
[2014-08-16 23:27:47.262 Control 31298] Removed Shm file at /dev/shm/cuda.shm.2bfb.66
[2014-08-16 23:27:47.262 Control 31298] Removed Shm file at /dev/shm/cuda.shm.2bfb.65
[2014-08-16 23:27:47.262 Control 31298] Removed Shm file at /dev/shm/cuda.shm.2bfb.64
[2014-08-16 23:27:47.262 Control 31298] Removed Shm file at /dev/shm/cuda.shm.2bfb.63
[2014-08-16 23:27:47.262 Control 31298] Removed Shm file at /dev/shm/cuda.shm.2bfb.62
[2014-08-16 23:27:47.262 Control 31298] Removed Shm file at /dev/shm/cuda.shm.2bfb.61
[2014-08-16 23:27:47.262 Control 31298] Removed Shm file at /dev/shm/cuda.shm.2bfb.60
[2014-08-16 23:27:47.262 Control 31298] Removed Shm file at /dev/shm/cuda.shm.2bfb.5f
[2014-08-16 23:27:47.262 Control 31298] Removed Shm file at /dev/shm/cuda.shm.2bfb.5e
[2014-08-16 23:27:47.262 Control 31298] Removed Shm file at /dev/shm/cuda.shm.2bfb.5d
[2014-08-16 23:27:47.262 Control 31298] Removed Shm file at /dev/shm/cuda.shm.2bfb.5c
[2014-08-16 23:27:47.262 Control 31298] Removed Shm file at /dev/shm/cuda.shm.2bfb.5b
[2014-08-16 23:27:47.262 Control 31298] Removed Shm file at /dev/shm/cuda.shm.2bfb.5a
[2014-08-16 23:27:47.262 Control 31298] Removed Shm file at /dev/shm/cuda.shm.2bfb.59
[2014-08-16 23:27:47.262 Control 31298] Removed Shm file at /dev/shm/cuda.shm.2bfb.58
[2014-08-16 23:27:47.262 Control 31298] Removed Shm file at /dev/shm/cuda.shm.2bfb.57
[2014-08-16 23:27:47.262 Control 31298] Removed Shm file at /dev/shm/cuda.shm.2bfb.56
[2014-08-16 23:27:47.262 Control 31298] Removed Shm file at /dev/shm/cuda.shm.2bfb.55
[2014-08-16 23:27:47.262 Control 31298] Removed Shm file at /dev/shm/cuda.shm.2bfb.54
[2014-08-16 23:27:47.262 Control 31298] Removed Shm file at /dev/shm/cuda.shm.2bfb.53
[2014-08-16 23:27:47.262 Control 31298] Removed Shm file at /dev/shm/cuda.shm.2bfb.52
[2014-08-16 23:27:47.262 Control 31298] Removed Shm file at /dev/shm/cuda.shm.2bfb.51
[2014-08-16 23:27:47.262 Control 31298] Removed Shm file at /dev/shm/cuda.shm.2bfb.50
[2014-08-16 23:27:47.262 Control 31298] Removed Shm file at /dev/shm/cuda.shm.2bfb.4f
[2014-08-16 23:27:47.262 Control 31298] Removed Shm file at /dev/shm/cuda.shm.2bfb.4e
[2014-08-16 23:27:47.262 Control 31298] Removed Shm file at /dev/shm/cuda.shm.2bfb.4d
[2014-08-16 23:27:47.262 Control 31298] Removed Shm file at /dev/shm/cuda.shm.2bfb.4c
[2014-08-16 23:27:47.262 Control 31298] Removed Shm file at /dev/shm/cuda.shm.2bfb.4b
[2014-08-16 23:27:47.262 Control 31298] Removed Shm file at /dev/shm/cuda.shm.2bfb.4a
[2014-08-16 23:27:47.262 Control 31298] Removed Shm file at /dev/shm/cuda.shm.2bfb.49
[2014-08-16 23:27:47.262 Control 31298] Removed Shm file at /dev/shm/cuda.shm.2bfb.48
[2014-08-16 23:27:47.262 Control 31298] Removed Shm file at /dev/shm/cuda.shm.2bfb.47
[2014-08-16 23:27:47.262 Control 31298] Removed Shm file at /dev/shm/cuda.shm.2bfb.46
[2014-08-16 23:27:47.262 Control 31298] Removed Shm file at /dev/shm/cuda.shm.2bfb.45
[2014-08-16 23:27:47.262 Control 31298] Removed Shm file at /dev/shm/cuda.shm.2bfb.44
[2014-08-16 23:27:47.262 Control 31298] Removed Shm file at /dev/shm/cuda.shm.2bfb.43
[2014-08-16 23:27:47.262 Control 31298] Removed Shm file at /dev/shm/cuda.shm.2bfb.42
[2014-08-16 23:27:47.262 Control 31298] Removed Shm file at /dev/shm/cuda.shm.2bfb.41
[2014-08-16 23:27:47.262 Control 31298] Removed Shm file at /dev/shm/cuda.shm.2bfb.40
[2014-08-16 23:27:47.262 Control 31298] Removed Shm file at /dev/shm/cuda.shm.2bfb.3f
[2014-08-16 23:27:47.262 Control 31298] Removed Shm file at /dev/shm/cuda.shm.2bfb.3e
[2014-08-16 23:27:47.262 Control 31298] Removed Shm file at /dev/shm/cuda.shm.2bfb.3d
[2014-08-16 23:27:47.262 Control 31298] Removed Shm file at /dev/shm/cuda.shm.2bfb.3c
[2014-08-16 23:27:47.262 Control 31298] Removed Shm file at /dev/shm/cuda.shm.2bfb.3b
[2014-08-16 23:27:47.262 Control 31298] Removed Shm file at /dev/shm/cuda.shm.2bfb.3a
[2014-08-16 23:27:47.262 Control 31298] Removed Shm file at /dev/shm/cuda.shm.2bfb.39
[2014-08-16 23:27:47.262 Control 31298] Removed Shm file at /dev/shm/cuda.shm.2bfb.38
[2014-08-16 23:27:47.262 Control 31298] Removed Shm file at /dev/shm/cuda.shm.2bfb.37
[2014-08-16 23:27:47.262 Control 31298] Removed Shm file at /dev/shm/cuda.shm.2bfb.36
[2014-08-16 23:27:47.262 Control 31298] Removed Shm file at /dev/shm/cuda.shm.2bfb.35
[2014-08-16 23:27:47.262 Control 31298] Removed Shm file at /dev/shm/cuda.shm.2bfb.34
[2014-08-16 23:27:47.262 Control 31298] Removed Shm file at /dev/shm/cuda.shm.2bfb.33
[2014-08-16 23:27:47.262 Control 31298] Removed Shm file at /dev/shm/cuda.shm.2bfb.32
[2014-08-16 23:27:47.262 Control 31298] Removed Shm file at /dev/shm/cuda.shm.2bfb.31
[2014-08-16 23:27:47.262 Control 31298] Removed Shm file at /dev/shm/cuda.shm.2bfb.30
[2014-08-16 23:27:47.262 Control 31298] Removed Shm file at /dev/shm/cuda.shm.2bfb.2f
[2014-08-16 23:27:47.262 Control 31298] Removed Shm file at /dev/shm/cuda.shm.2bfb.2e
[2014-08-16 23:27:47.262 Control 31298] Removed Shm file at /dev/shm/cuda.shm.2bfb.2d
[2014-08-16 23:27:47.262 Control 31298] Removed Shm file at /dev/shm/cuda.shm.2bfb.2c
[2014-08-16 23:27:47.262 Control 31298] Removed Shm file at /dev/shm/cuda.shm.2bfb.2b
[2014-08-16 23:27:47.262 Control 31298] Removed Shm file at /dev/shm/cuda.shm.2bfb.2a
[2014-08-16 23:27:47.262 Control 31298] Removed Shm file at /dev/shm/cuda.shm.2bfb.29
[2014-08-16 23:27:47.262 Control 31298] Removed Shm file at /dev/shm/cuda.shm.2bfb.28
[2014-08-16 23:27:47.262 Control 31298] Removed Shm file at /dev/shm/cuda.shm.2bfb.27
[2014-08-16 23:27:47.262 Control 31298] Removed Shm file at /dev/shm/cuda.shm.2bfb.26
[2014-08-16 23:27:47.262 Control 31298] Removed Shm file at /dev/shm/cuda.shm.2bfb.25
[2014-08-16 23:27:47.262 Control 31298] Removed Shm file at /dev/shm/cuda.shm.2bfb.24
[2014-08-16 23:27:47.262 Control 31298] Removed Shm file at /dev/shm/cuda.shm.2bfb.23
[2014-08-16 23:27:47.262 Control 31298] Removed Shm file at /dev/shm/cuda.shm.2bfb.22
[2014-08-16 23:27:47.262 Control 31298] Removed Shm file at /dev/shm/cuda.shm.2bfb.21
[2014-08-16 23:27:47.262 Control 31298] Removed Shm file at /dev/shm/cuda.shm.2bfb.20
[2014-08-16 23:27:47.262 Control 31298] Removed Shm file at /dev/shm/cuda.shm.2bfb.1f
[2014-08-16 23:27:47.262 Control 31298] Removed Shm file at /dev/shm/cuda.shm.2bfb.1e
[2014-08-16 23:27:47.262 Control 31298] Removed Shm file at /dev/shm/cuda.shm.2bfb.1d
[2014-08-16 23:27:47.262 Control 31298] Removed Shm file at /dev/shm/cuda.shm.2bfb.1c
[2014-08-16 23:27:47.262 Control 31298] Removed Shm file at /dev/shm/cuda.shm.2bfb.1b
[2014-08-16 23:27:47.262 Control 31298] Removed Shm file at /dev/shm/cuda.shm.2bfb.1a
[2014-08-16 23:27:47.262 Control 31298] Removed Shm file at /dev/shm/cuda.shm.2bfb.19
[2014-08-16 23:27:47.262 Control 31298] Removed Shm file at /dev/shm/cuda.shm.2bfb.18
[2014-08-16 23:27:47.262 Control 31298] Removed Shm file at /dev/shm/cuda.shm.2bfb.17
[2014-08-16 23:27:47.262 Control 31298] Removed Shm file at /dev/shm/cuda.shm.2bfb.16
[2014-08-16 23:27:47.262 Control 31298] Removed Shm file at /dev/shm/cuda.shm.2bfb.15
[2014-08-16 23:27:47.262 Control 31298] Removed Shm file at /dev/shm/cuda.shm.2bfb.14
[2014-08-16 23:27:47.262 Control 31298] Removed Shm file at /dev/shm/cuda.shm.2bfb.13
[2014-08-16 23:27:47.262 Control 31298] Removed Shm file at /dev/shm/cuda.shm.2bfb.12
[2014-08-16 23:27:47.262 Control 31298] Removed Shm file at /dev/shm/cuda.shm.2bfb.11
[2014-08-16 23:27:47.262 Control 31298] Removed Shm file at /dev/shm/cuda.shm.2bfb.10
[2014-08-16 23:27:47.262 Control 31298] Removed Shm file at /dev/shm/cuda.shm.2bfb.f
[2014-08-16 23:27:47.262 Control 31298] Removed Shm file at /dev/shm/cuda.shm.2bfb.e
[2014-08-16 23:27:47.262 Control 31298] Removed Shm file at /dev/shm/cuda.shm.2bfb.d
[2014-08-16 23:27:47.262 Control 31298] Removed Shm file at /dev/shm/cuda.shm.2bfb.c
[2014-08-16 23:27:47.262 Control 31298] Removed Shm file at /dev/shm/cuda.shm.2bfb.b
[2014-08-16 23:27:47.262 Control 31298] Removed Shm file at /dev/shm/cuda.shm.2bfb.a
[2014-08-16 23:27:47.263 Control 31298] Removed Shm file at /dev/shm/cuda.shm.2bfb.9
[2014-08-16 23:27:47.263 Control 31298] Removed Shm file at /dev/shm/cuda.shm.2bfb.8
[2014-08-16 23:27:47.263 Control 31298] Removed Shm file at /dev/shm/cuda.shm.2bfb.7
[2014-08-16 23:27:47.263 Control 31298] Removed Shm file at /dev/shm/cuda.shm.2bfb.6
[2014-08-16 23:27:47.263 Control 31298] Removed Shm file at /dev/shm/cuda.shm.2bfb.5
[2014-08-16 23:27:47.263 Control 31298] Removed Shm file at /dev/shm/cuda.shm.2bfb.4
[2014-08-16 23:27:47.263 Control 31298] Removed Shm file at /dev/shm/cuda.shm.2bfb.3
[2014-08-16 23:27:47.263 Control 31298] Removed Shm file at /dev/shm/cuda.shm.2bfb.2
[2014-08-16 23:27:47.263 Control 31298] Removed Shm file at /dev/shm/cuda.shm.2bfb.1
[2014-08-16 23:27:51.942 Control 31298] Accepting connection...
[2014-08-16 23:27:51.942 Control 31298] NEW CLIENT 31328 from user 1131: Server is not ready, push client to pending list
[2014-08-16 23:27:51.942 Control 31298] Starting new server 31342 for user 1131
[2014-08-16 23:27:51.942 Control 31298] Accepting connection...
[2014-08-16 23:27:51.943 Control 31298] NEW CLIENT 31324 from user 1131: Server is not ready, push client to pending list
[2014-08-16 23:27:51.943 Control 31298] Accepting connection...
[2014-08-16 23:27:51.943 Control 31298] NEW CLIENT 31326 from user 1131: Server is not ready, push client to pending list
[2014-08-16 23:27:52.662 Control 31298] Accepting connection...
[2014-08-16 23:27:52.662 Control 31298] NEW SERVER 31342: Ready
